21:30:07.643 [TestNG-tests-1] DEBUG tests.LoginTestDemo - Browser got launched
21:30:18.874 [TestNG-tests-1] DEBUG tests.LoginTestDemo - Navigated to application URL
21:30:24.358 [TestNG-tests-1] DEBUG tests.LoginTestDemo - Clicked on My Account dropdown
21:30:26.393 [TestNG-tests-1] DEBUG tests.LoginTestDemo - Clicked on login option
21:30:29.815 [TestNG-tests-1] DEBUG tests.LoginTestDemo - Email addressed got entered
21:30:30.087 [TestNG-tests-1] DEBUG tests.LoginTestDemo - Password got entered
21:30:31.252 [TestNG-tests-1] DEBUG tests.LoginTestDemo - Clicked on Login Button
21:30:31.681 [TestNG-tests-1] DEBUG tests.LoginTestDemo - User got logged in
21:30:31.847 [TestNG-tests-1] INFO  tests.LoginTestDemo - Login Test got passed
21:30:32.234 [TestNG-tests-1] DEBUG tests.LoginTestDemo - Browser got closed
21:30:35.908 [TestNG-tests-1] DEBUG tests.LoginTestDemo - Browser got launched
21:30:42.276 [TestNG-tests-1] DEBUG tests.LoginTestDemo - Navigated to application URL
21:30:42.427 [TestNG-tests-1] DEBUG tests.LoginTestDemo - Clicked on My Account dropdown
21:30:42.937 [TestNG-tests-1] DEBUG tests.LoginTestDemo - Clicked on login option
21:30:43.112 [TestNG-tests-1] DEBUG tests.LoginTestDemo - Email addressed got entered
21:30:43.238 [TestNG-tests-1] DEBUG tests.LoginTestDemo - Password got entered
21:30:43.773 [TestNG-tests-1] DEBUG tests.LoginTestDemo - Clicked on Login Button
21:30:53.964 [TestNG-tests-1] DEBUG tests.LoginTestDemo - User didn't log in
21:30:53.964 [TestNG-tests-1] INFO  tests.LoginTestDemo - Login Test got passed
21:30:54.294 [TestNG-tests-1] DEBUG tests.LoginTestDemo - Browser got closed
21:33:35.537 [TestNG-tests-1] DEBUG tests.LoginTestDemo - Browser got launched
21:33:39.666 [TestNG-tests-1] DEBUG tests.LoginTestDemo - Navigated to application URL
21:33:44.822 [TestNG-tests-1] DEBUG tests.LoginTestDemo - Clicked on My Account dropdown
21:33:45.823 [TestNG-tests-1] DEBUG tests.LoginTestDemo - Clicked on login option
21:33:46.133 [TestNG-tests-1] DEBUG tests.LoginTestDemo - Email addressed got entered
21:33:46.546 [TestNG-tests-1] DEBUG tests.LoginTestDemo - Password got entered
21:33:47.987 [TestNG-tests-1] DEBUG tests.LoginTestDemo - Clicked on Login Button
21:33:48.107 [TestNG-tests-1] DEBUG tests.LoginTestDemo - User got logged in
21:33:48.110 [TestNG-tests-1] INFO  tests.LoginTestDemo - Login Test got passed
21:33:48.563 [TestNG-tests-1] DEBUG tests.LoginTestDemo - Browser got closed
21:33:51.961 [TestNG-tests-1] DEBUG tests.LoginTestDemo - Browser got launched
21:33:57.112 [TestNG-tests-1] DEBUG tests.LoginTestDemo - Navigated to application URL
21:33:57.234 [TestNG-tests-1] DEBUG tests.LoginTestDemo - Clicked on My Account dropdown
21:33:57.703 [TestNG-tests-1] DEBUG tests.LoginTestDemo - Clicked on login option
21:33:57.882 [TestNG-tests-1] DEBUG tests.LoginTestDemo - Email addressed got entered
21:33:58.018 [TestNG-tests-1] DEBUG tests.LoginTestDemo - Password got entered
21:34:00.082 [TestNG-tests-1] DEBUG tests.LoginTestDemo - Clicked on Login Button
21:34:10.115 [TestNG-tests-1] DEBUG tests.LoginTestDemo - User didn't log in
21:34:10.115 [TestNG-tests-1] INFO  tests.LoginTestDemo - Login Test got passed
21:34:10.512 [TestNG-tests-1] DEBUG tests.LoginTestDemo - Browser got closed
21:36:52.164 [TestNG-tests-1] DEBUG tests.LoginTestDemo - Browser got launched
21:37:01.562 [TestNG-tests-1] DEBUG tests.LoginTestDemo - Navigated to application URL
21:37:02.026 [TestNG-tests-1] DEBUG tests.LoginTestDemo - Clicked on My Account dropdown
21:37:02.785 [TestNG-tests-1] DEBUG tests.LoginTestDemo - Clicked on login option
21:37:03.013 [TestNG-tests-1] DEBUG tests.LoginTestDemo - Email addressed got entered
21:37:03.177 [TestNG-tests-1] DEBUG tests.LoginTestDemo - Password got entered
21:37:04.757 [TestNG-tests-1] DEBUG tests.LoginTestDemo - Clicked on Login Button
21:37:04.879 [TestNG-tests-1] DEBUG tests.LoginTestDemo - User got logged in
21:37:04.883 [TestNG-tests-1] INFO  tests.LoginTestDemo - Login Test got passed
21:37:07.154 [TestNG-tests-1] DEBUG tests.LoginTestDemo - Browser got closed
21:37:09.586 [TestNG-tests-1] DEBUG tests.LoginTestDemo - Browser got launched
21:37:17.524 [TestNG-tests-1] DEBUG tests.LoginTestDemo - Navigated to application URL
21:37:17.682 [TestNG-tests-1] DEBUG tests.LoginTestDemo - Clicked on My Account dropdown
21:37:18.241 [TestNG-tests-1] DEBUG tests.LoginTestDemo - Clicked on login option
21:37:18.424 [TestNG-tests-1] DEBUG tests.LoginTestDemo - Email addressed got entered
21:37:18.621 [TestNG-tests-1] DEBUG tests.LoginTestDemo - Password got entered
21:37:19.262 [TestNG-tests-1] DEBUG tests.LoginTestDemo - Clicked on Login Button
21:37:29.295 [TestNG-tests-1] DEBUG tests.LoginTestDemo - User didn't log in
21:37:29.295 [TestNG-tests-1] INFO  tests.LoginTestDemo - Login Test got passed
21:37:29.642 [TestNG-tests-1] DEBUG tests.LoginTestDemo - Browser got closed
21:38:01.631 [TestNG-tests-1] DEBUG tests.LoginTestDemo - Browser got launched
21:39:14.611 [TestNG-tests-1] DEBUG tests.LoginTestDemo - Browser got launched
21:40:50.086 [TestNG-tests-1] DEBUG tests.LoginTestDemo - Browser got launched
21:40:58.940 [TestNG-tests-1] DEBUG tests.LoginTestDemo - Navigated to application URL
21:40:59.195 [TestNG-tests-1] DEBUG tests.LoginTestDemo - Clicked on My Account dropdown
21:40:59.893 [TestNG-tests-1] DEBUG tests.LoginTestDemo - Clicked on login option
21:41:00.386 [TestNG-tests-1] DEBUG tests.LoginTestDemo - Email addressed got entered
21:41:00.550 [TestNG-tests-1] DEBUG tests.LoginTestDemo - Password got entered
21:41:01.520 [TestNG-tests-1] DEBUG tests.LoginTestDemo - Clicked on Login Button
21:41:01.647 [TestNG-tests-1] DEBUG tests.LoginTestDemo - User got logged in
21:41:01.651 [TestNG-tests-1] INFO  tests.LoginTestDemo - Login Test got passed
21:41:05.835 [TestNG-tests-1] DEBUG tests.LoginTestDemo - Browser got closed
21:41:09.697 [TestNG-tests-1] DEBUG tests.LoginTestDemo - Browser got launched
21:41:20.920 [TestNG-tests-1] DEBUG tests.LoginTestDemo - Navigated to application URL
21:41:21.090 [TestNG-tests-1] DEBUG tests.LoginTestDemo - Clicked on My Account dropdown
21:41:21.569 [TestNG-tests-1] DEBUG tests.LoginTestDemo - Clicked on login option
21:41:21.743 [TestNG-tests-1] DEBUG tests.LoginTestDemo - Email addressed got entered
21:41:21.877 [TestNG-tests-1] DEBUG tests.LoginTestDemo - Password got entered
21:41:22.584 [TestNG-tests-1] DEBUG tests.LoginTestDemo - Clicked on Login Button
21:41:32.697 [TestNG-tests-1] DEBUG tests.LoginTestDemo - User didn't log in
21:41:32.697 [TestNG-tests-1] INFO  tests.LoginTestDemo - Login Test got passed
21:41:33.123 [TestNG-tests-1] DEBUG tests.LoginTestDemo - Browser got closed
21:53:41.811 [TestNG-tests-1] DEBUG tests.LoginTestDemo - Browser got launched
21:54:07.544 [TestNG-tests-1] DEBUG tests.LoginTestDemo - Navigated to application URL
21:54:07.754 [TestNG-tests-1] DEBUG tests.LoginTestDemo - Clicked on My Account dropdown
21:54:08.436 [TestNG-tests-1] DEBUG tests.LoginTestDemo - Clicked on login option
21:54:08.711 [TestNG-tests-1] DEBUG tests.LoginTestDemo - Email addressed got entered
21:54:08.847 [TestNG-tests-1] DEBUG tests.LoginTestDemo - Password got entered
21:54:11.103 [TestNG-tests-1] DEBUG tests.LoginTestDemo - Clicked on Login Button
21:54:11.214 [TestNG-tests-1] DEBUG tests.LoginTestDemo - User got logged in
21:54:11.214 [TestNG-tests-1] INFO  tests.LoginTestDemo - Login Test got passed
21:54:11.416 [TestNG-tests-1] DEBUG tests.LoginTestDemo - Browser got closed
21:54:13.846 [TestNG-tests-1] DEBUG tests.LoginTestDemo - Browser got launched
21:54:16.760 [TestNG-tests-1] DEBUG tests.LoginTestDemo - Navigated to application URL
21:54:23.273 [TestNG-tests-1] DEBUG tests.LoginTestDemo - Clicked on My Account dropdown
21:54:25.913 [TestNG-tests-1] DEBUG tests.LoginTestDemo - Clicked on login option
21:54:26.154 [TestNG-tests-1] DEBUG tests.LoginTestDemo - Email addressed got entered
21:54:26.334 [TestNG-tests-1] DEBUG tests.LoginTestDemo - Password got entered
21:54:27.137 [TestNG-tests-1] DEBUG tests.LoginTestDemo - Clicked on Login Button
21:54:37.183 [TestNG-tests-1] DEBUG tests.LoginTestDemo - User didn't log in
21:54:37.183 [TestNG-tests-1] INFO  tests.LoginTestDemo - Login Test got passed
21:54:37.839 [TestNG-tests-1] DEBUG tests.LoginTestDemo - Browser got closed
01:07:27.351 [main] DEBUG tests.LoginTestDemo - Browser got launched
01:07:30.494 [main] DEBUG tests.LoginTestDemo - Navigated to application URL
01:07:31.614 [main] DEBUG tests.LoginTestDemo - Clicked on My Account dropdown
01:07:32.595 [main] DEBUG tests.LoginTestDemo - Clicked on login option
01:07:32.978 [main] DEBUG tests.LoginTestDemo - Email addressed got entered
01:07:33.184 [main] DEBUG tests.LoginTestDemo - Password got entered
01:07:34.148 [main] DEBUG tests.LoginTestDemo - Clicked on Login Button
01:07:34.363 [main] DEBUG tests.LoginTestDemo - User got logged in
01:07:34.382 [main] INFO  tests.LoginTestDemo - Login Test got passed
01:07:34.756 [main] DEBUG tests.LoginTestDemo - Browser got closed
01:07:37.380 [main] DEBUG tests.LoginTestDemo - Browser got launched
01:07:47.657 [main] DEBUG tests.LoginTestDemo - Navigated to application URL
01:07:47.924 [main] DEBUG tests.LoginTestDemo - Clicked on My Account dropdown
01:07:50.740 [main] DEBUG tests.LoginTestDemo - Clicked on login option
01:07:51.018 [main] DEBUG tests.LoginTestDemo - Email addressed got entered
01:07:51.162 [main] DEBUG tests.LoginTestDemo - Password got entered
01:07:51.909 [main] DEBUG tests.LoginTestDemo - Clicked on Login Button
01:08:02.003 [main] DEBUG tests.LoginTestDemo - User didn't log in
01:08:02.003 [main] INFO  tests.LoginTestDemo - Login Test got passed
01:08:02.641 [main] DEBUG tests.LoginTestDemo - Browser got closed
01:42:48.574 [TestNG-tests-1] DEBUG tests.LoginTestDemo - Browser got launched
01:42:56.826 [TestNG-tests-1] DEBUG tests.LoginTestDemo - Navigated to application URL
